Compiling the CXX compiler identification source file "CMakeCXXCompilerId.cpp" failed.
Compiler: C:/Program Files (x86)/Microsoft Visual Studio/2019/Community/VC/Tools/MSVC/14.29.30133/bin/Hostx64/x64/cl.exe 
Build flags: 
Id flags:  

The output was:
2
Microsoft (R) C/C++ Optimizing Compiler Version 19.29.30133 for x64
Copyright (C) Microsoft Corporation.  All rights reserved.

CMakeCXXCompilerId.cpp
Microsoft (R) Incremental Linker Version 14.29.30133.0
Copyright (C) Microsoft Corporation.  All rights reserved.

/out:CMakeCXXCompilerId.exe 
CMakeCXXCompilerId.obj 
LINK : fatal error LNK1104: cannot open file 'LIBCMT.lib'


Detecting CXX compiler ABI info failed to compile with the following output:
Change Dir: C:/Users/FAZ/Desktop/first proj/proj/linux/out/build/x64-Debug/CMakeFiles/CMakeTmp

Run Build Command(s):C:/Program Files (x86)/Microsoft Visual Studio/2019/Community/Common7/IDE/CommonExtensions/Microsoft/CMake/Ninja/ninja.exe cmTC_5c5ce && [1/2] Building CXX object CMakeFiles\cmTC_5c5ce.dir\CMakeCXXCompilerABI.cpp.obj
[2/2] Linking CXX executable cmTC_5c5ce.exe
FAILED: cmTC_5c5ce.exe 
cmd.exe /C "cd . && "C:\Program Files (x86)\Microsoft Visual Studio\2019\Community\Common7\IDE\CommonExtensions\Microsoft\CMake\CMake\bin\cmake.exe" -E vs_link_exe --intdir=CMakeFiles\cmTC_5c5ce.dir --rc=C:\PROGRA~2\WI3CF2~1\10\bin\100190~1.0\x64\rc.exe --mt=C:\PROGRA~2\WI3CF2~1\10\bin\100190~1.0\x64\mt.exe --manifests  -- C:\PROGRA~2\MIB055~1\2019\COMMUN~1\VC\Tools\MSVC\1429~1.301\bin\Hostx64\x64\link.exe /nologo CMakeFiles\cmTC_5c5ce.dir\CMakeCXXCompilerABI.cpp.obj  /out:cmTC_5c5ce.exe /implib:cmTC_5c5ce.lib /pdb:cmTC_5c5ce.pdb /version:0.0 /machine:x64  /debug /INCREMENTAL /subsystem:console  kernel32.lib user32.lib gdi32.lib winspool.lib shell32.lib ole32.lib oleaut32.lib uuid.lib comdlg32.lib advapi32.lib && cd ."
LINK Pass 1: command "C:\PROGRA~2\MIB055~1\2019\COMMUN~1\VC\Tools\MSVC\1429~1.301\bin\Hostx64\x64\link.exe /nologo CMakeFiles\cmTC_5c5ce.dir\CMakeCXXCompilerABI.cpp.obj /out:cmTC_5c5ce.exe /implib:cmTC_5c5ce.lib /pdb:cmTC_5c5ce.pdb /version:0.0 /machine:x64 /debug /INCREMENTAL /subsystem:console kernel32.lib user32.lib gdi32.lib winspool.lib shell32.lib ole32.lib oleaut32.lib uuid.lib comdlg32.lib advapi32.lib /MANIFEST /MANIFESTFILE:CMakeFiles\cmTC_5c5ce.dir/intermediate.manifest CMakeFiles\cmTC_5c5ce.dir/manifest.res" failed (exit code 1104) with the following output:
LINK : fatal error LNK1104: cannot open file 'kernel32.lib'
ninja: build stopped: subcommand failed.




Determining if the CXX compiler works failed with the following output:
Change Dir: C:/Users/FAZ/Desktop/first proj/proj/linux/out/build/x64-Debug/CMakeFiles/CMakeTmp

Run Build Command(s):C:/Program Files (x86)/Microsoft Visual Studio/2019/Community/Common7/IDE/CommonExtensions/Microsoft/CMake/Ninja/ninja.exe cmTC_774c4 && [1/2] Building CXX object CMakeFiles\cmTC_774c4.dir\testCXXCompiler.cxx.obj
[2/2] Linking CXX executable cmTC_774c4.exe
FAILED: cmTC_774c4.exe 
cmd.exe /C "cd . && "C:\Program Files (x86)\Microsoft Visual Studio\2019\Community\Common7\IDE\CommonExtensions\Microsoft\CMake\CMake\bin\cmake.exe" -E vs_link_exe --intdir=CMakeFiles\cmTC_774c4.dir --rc=C:\PROGRA~2\WI3CF2~1\10\bin\100190~1.0\x64\rc.exe --mt=C:\PROGRA~2\WI3CF2~1\10\bin\100190~1.0\x64\mt.exe --manifests  -- C:\PROGRA~2\MIB055~1\2019\COMMUN~1\VC\Tools\MSVC\1429~1.301\bin\Hostx64\x64\link.exe /nologo CMakeFiles\cmTC_774c4.dir\testCXXCompiler.cxx.obj  /out:cmTC_774c4.exe /implib:cmTC_774c4.lib /pdb:cmTC_774c4.pdb /version:0.0 /machine:x64  /debug /INCREMENTAL /subsystem:console  kernel32.lib user32.lib gdi32.lib winspool.lib shell32.lib ole32.lib oleaut32.lib uuid.lib comdlg32.lib advapi32.lib && cd ."
LINK Pass 1: command "C:\PROGRA~2\MIB055~1\2019\COMMUN~1\VC\Tools\MSVC\1429~1.301\bin\Hostx64\x64\link.exe /nologo CMakeFiles\cmTC_774c4.dir\testCXXCompiler.cxx.obj /out:cmTC_774c4.exe /implib:cmTC_774c4.lib /pdb:cmTC_774c4.pdb /version:0.0 /machine:x64 /debug /INCREMENTAL /subsystem:console kernel32.lib user32.lib gdi32.lib winspool.lib shell32.lib ole32.lib oleaut32.lib uuid.lib comdlg32.lib advapi32.lib /MANIFEST /MANIFESTFILE:CMakeFiles\cmTC_774c4.dir/intermediate.manifest CMakeFiles\cmTC_774c4.dir/manifest.res" failed (exit code 1104) with the following output:
LINK : fatal error LNK1104: cannot open file 'kernel32.lib'
ninja: build stopped: subcommand failed.



